modules/on-device-llm/android/build/intermediates/manifest_merge_blame_file/debug/processDebugManifest/manifest-merger-blame-debug-report.txt
1<?xml version="1.0" encoding="utf-8"?>
2<manifest xmlns:android="http://schemas.android.com/apk/res/android"
3    package="com.openclaw.ondevicellm" >
4
5    <uses-sdk android:minSdkVersion="24" />
6    <!-- Internet for model download only (one-time) -->
7    <uses-permission android:name="android.permission.INTERNET" />
7-->src\main\AndroidManifest.xml:3:5-67
7-->src\main\AndroidManifest.xml:3:22-64
8    <uses-permission android:name="android.permission.WRITE_EXTERNAL_STORAGE" />
8-->src\main\AndroidManifest.xml:4:5-81
8-->src\main\AndroidManifest.xml:4:22-78
9
10</manifest>